The system is: Linux - 4.4.0-19041-Microsoft - x86_64
Compiling the C compiler identification source file "CMakeCCompilerId.c" succeeded.
Compiler: /usr/bin/cc 
Build flags: 
Id flags:  

The output was:
0


Compilation of the C compiler identification source "CMakeCCompilerId.c" produced "a.out"

The C compiler identification is GNU, found in "/mnt/c/Users/Valdmarius/MatricesLab/build/CMakeFiles/3.22.1/CompilerIdC/a.out"

Compiling the CXX compiler identification source file "CMakeCXXCompilerId.cpp" succeeded.
Compiler: /usr/bin/c++ 
Build flags: 
Id flags:  

The output was:
0


Compilation of the CXX compiler identification source "CMakeCXXCompilerId.cpp" produced "a.out"

The CXX compiler identification is GNU, found in "/mnt/c/Users/Valdmarius/MatricesLab/build/CMakeFiles/3.22.1/CompilerIdCXX/a.out"

Determining if the C compiler works passed with the following output:
Change Dir: /mnt/c/Users/Valdmarius/MatricesLab/build/CMakeFiles/CMakeTmp

Run Build Command(s):/usr/bin/gmake -f Makefile cmTC_24d78/fast && /usr/bin/gmake  -f CMakeFiles/cmTC_24d78.dir/build.make CMakeFiles/cmTC_24d78.dir/build
gmake[1]: Entering directory '/mnt/c/Users/Valdmarius/MatricesLab/build/CMakeFiles/CMakeTmp'
Building C object CMakeFiles/cmTC_24d78.dir/testCCompiler.c.o
/usr/bin/cc    -o CMakeFiles/cmTC_24d78.dir/testCCompiler.c.o -c /mnt/c/Users/Valdmarius/MatricesLab/build/CMakeFiles/CMakeTmp/testCCompiler.c
Linking C executable cmTC_24d78
/usr/bin/cmake -E cmake_link_script CMakeFiles/cmTC_24d78.dir/link.txt --verbose=1
/usr/bin/cc CMakeFiles/cmTC_24d78.dir/testCCompiler.c.o -o cmTC_24d78 
gmake[1]: Leaving directory '/mnt/c/Users/Valdmarius/MatricesLab/build/CMakeFiles/CMakeTmp'



Determining if the CXX compiler works passed with the following output:
Change Dir: /mnt/c/Users/Valdmarius/MatricesLab/build/CMakeFiles/CMakeTmp

Run Build Command(s):/usr/bin/gmake -f Makefile cmTC_7370c/fast && /usr/bin/gmake  -f CMakeFiles/cmTC_7370c.dir/build.make CMakeFiles/cmTC_7370c.dir/build
gmake[1]: Entering directory '/mnt/c/Users/Valdmarius/MatricesLab/build/CMakeFiles/CMakeTmp'
Building CXX object CMakeFiles/cmTC_7370c.dir/testCXXCompiler.cxx.o
/usr/bin/c++    -o CMakeFiles/cmTC_7370c.dir/testCXXCompiler.cxx.o -c /mnt/c/Users/Valdmarius/MatricesLab/build/CMakeFiles/CMakeTmp/testCXXCompiler.cxx
Linking CXX executable cmTC_7370c
/usr/bin/cmake -E cmake_link_script CMakeFiles/cmTC_7370c.dir/link.txt --verbose=1
/usr/bin/c++ CMakeFiles/cmTC_7370c.dir/testCXXCompiler.cxx.o -o cmTC_7370c 
gmake[1]: Leaving directory '/mnt/c/Users/Valdmarius/MatricesLab/build/CMakeFiles/CMakeTmp'



